c:\programación avanzada (lab)\proyecto_2\proyecto_2\x64\debug\vc143.pdb
c:\programación avanzada (lab)\proyecto_2\proyecto_2\x64\debug\vc143.idb
c:\programación avanzada (lab)\proyecto_2\proyecto_2\x64\debug\truco.obj
c:\programación avanzada (lab)\proyecto_2\proyecto_2\x64\debug\proyecto_2.obj
c:\programación avanzada (lab)\proyecto_2\proyecto_2\x64\debug\poolgeneral.obj
c:\programación avanzada (lab)\proyecto_2\proyecto_2\x64\debug\planta.obj
c:\programación avanzada (lab)\proyecto_2\proyecto_2\x64\debug\lista.obj
c:\programación avanzada (lab)\proyecto_2\proyecto_2\x64\debug\jugador.obj
c:\programación avanzada (lab)\proyecto_2\proyecto_2\x64\debug\hongo.obj
c:\programación avanzada (lab)\proyecto_2\proyecto_2\x64\debug\fungicida.obj
c:\programación avanzada (lab)\proyecto_2\proyecto_2\x64\debug\carta.obj
c:\programación avanzada (lab)\proyecto_2\proyecto_2\x64\debug\proyecto_2.ilk
c:\programación avanzada (lab)\proyecto_2\x64\debug\proyecto_2.pdb
c:\programación avanzada (lab)\proyecto_2\x64\debug\proyecto_2.exe
c:\programación avanzada (lab)\proyecto_2\proyecto_2\x64\debug\proyecto_2.tlog\cl.command.1.tlog
c:\programación avanzada (lab)\proyecto_2\proyecto_2\x64\debug\proyecto_2.tlog\cl.items.tlog
c:\programación avanzada (lab)\proyecto_2\proyecto_2\x64\debug\proyecto_2.tlog\cl.read.1.tlog
c:\programación avanzada (lab)\proyecto_2\proyecto_2\x64\debug\proyecto_2.tlog\cl.write.1.tlog
c:\programación avanzada (lab)\proyecto_2\proyecto_2\x64\debug\proyecto_2.tlog\link.command.1.tlog
c:\programación avanzada (lab)\proyecto_2\proyecto_2\x64\debug\proyecto_2.tlog\link.read.1.tlog
c:\programación avanzada (lab)\proyecto_2\proyecto_2\x64\debug\proyecto_2.tlog\link.secondary.1.tlog
c:\programación avanzada (lab)\proyecto_2\proyecto_2\x64\debug\proyecto_2.tlog\link.write.1.tlog
